<?xml version="1.0" encoding="UTF-8"?>
<!-- Generated by org.testng.reporters.JUnitReportReporter -->
<testsuite hostname="Lenovo-PC" failures="0" tests="2" name="tests.UserRegistrationWithExcel" time="27.266" errors="0" timestamp="2022-10-30T16:03:23 EET" skipped="0">
  <testcase classname="tests.UserRegistrationWithExcel" name="UserCanRegiterSuccssfully" time="14.834"/>
  <system-out/>
  <testcase classname="tests.UserRegistrationWithExcel" name="UserCanRegiterSuccssfully" time="12.432"/>
  <system-out/>
</testsuite> <!-- tests.UserRegistrationWithExcel -->
