<?xml version="1.0" encoding="UTF-8"?>
<!-- Generated by org.testng.reporters.JUnitReportReporter -->
<testsuite hostname="Lenovo-PC" failures="0" tests="1" name="tests.UserRegistrationTest" time="11.292" errors="0" timestamp="2022-10-01T19:35:55 EET" skipped="0">
  <testcase classname="tests.UserRegistrationTest" name="UserCanRegiterSuccssfully" time="11.292"/>
  <system-out/>
</testsuite> <!-- tests.UserRegistrationTest -->
